This file contains any messages produced by compilers while
running configure, to aid debugging if configure makes a mistake.

It was created by libpng configure 1.2.50, which was
generated by GNU Autoconf 2.65.  Invocation command line was

  $ ./configure --disable-shared --prefix=/Users/Mike/Code/wgrib2

## --------- ##
## Platform. ##
## --------- ##

hostname = Michaels-MBP.home
uname -m = x86_64
uname -r = 15.0.0
uname -s = Darwin
uname -v = Darwin Kernel Version 15.0.0: Sat Sep 19 15:53:46 PDT 2015; root:xnu-3247.10.11~1/RELEASE_X86_64

/usr/bin/uname -p = i386
/bin/uname -X     = unknown

/bin/arch              = unknown
/usr/bin/arch -k       = unknown
/usr/convex/getsysinfo = unknown
/usr/bin/hostinfo      = Mach kernel version:
	 Darwin Kernel Version 15.0.0: Sat Sep 19 15:53:46 PDT 2015; root:xnu-3247.10.11~1/RELEASE_X86_64
Kernel configured for up to 8 processors.
4 processors are physically available.
8 processors are logically available.
Processor type: x86_64h (Intel x86-64h Haswell)
Processors active: 0 1 2 3 4 5 6 7
Primary memory available: 16.00 gigabytes
Default processor set: 356 tasks, 1958 threads, 8 processors
Load average: 3.38, Mach factor: 4.80
/bin/machine           = unknown
/usr/bin/oslevel       = unknown
/bin/universe          = unknown

PATH: /opt/local/bin
PATH: /opt/local/sbin
PATH: /Users/Mike/.rvm/gems/ruby-2.2.1/bin
PATH: /Users/Mike/.rvm/gems/ruby-2.2.1@global/bin
PATH: /Users/Mike/.rvm/rubies/ruby-2.2.1/bin
PATH: /Users/Mike/local/bin
PATH: /usr/local/bin
PATH: /usr/local/bin
PATH: /usr/bin
PATH: /bin
PATH: /usr/sbin
PATH: /sbin
PATH: /Users/Mike/.rvm/bin
PATH: /Applications/Postgres.app/Contents/Versions/9.4/bin


## ----------- ##
## Core tests. ##
## ----------- ##

configure:2426: checking for a BSD-compatible install
configure:2494: result: /usr/bin/install -c
configure:2505: checking whether build environment is sane
configure:2555: result: yes
configure:2696: checking for a thread-safe mkdir -p
configure:2735: result: ./install-sh -c -d
configure:2748: checking for gawk
configure:2778: result: no
configure:2748: checking for mawk
configure:2778: result: no
configure:2748: checking for nawk
configure:2778: result: no
configure:2748: checking for awk
configure:2764: found /usr/bin/awk
configure:2775: result: awk
configure:2786: checking whether make sets $(MAKE)
configure:2808: result: yes
configure:2889: checking whether to enable maintainer-specific portions of Makefiles
configure:2898: result: no
configure:2971: checking for gcc
configure:2998: result: gcc
configure:3227: checking for C compiler version
configure:3236: gcc --version >&5
gcc (GCC) 5.2.0
Copyright (C) 2015 Free Software Foundation, Inc.
This is free software; see the source for copying conditions.  There is NO
warranty; not even for MERCHANTABILITY or FITNESS FOR A PARTICULAR PURPOSE.

configure:3247: $? = 0
configure:3236: gcc -v >&5
Using built-in specs.
COLLECT_GCC=gcc
COLLECT_LTO_WRAPPER=/usr/local/libexec/gcc/x86_64-apple-darwin15.0.0/5.2.0/lto-wrapper
Target: x86_64-apple-darwin15.0.0
Configured with: ../gcc-5.2.0/configure --enable-languages=c++,fortran
Thread model: posix
gcc version 5.2.0 (GCC) 
configure:3247: $? = 0
configure:3236: gcc -V >&5
gcc: error: unrecognized command line option '-V'
gcc: fatal error: no input files
compilation terminated.
configure:3247: $? = 1
configure:3236: gcc -qversion >&5
gcc: error: unrecognized command line option '-qversion'
gcc: fatal error: no input files
compilation terminated.
configure:3247: $? = 1
configure:3267: checking whether the C compiler works
configure:3289: gcc  -Wall -Wmissing-prototypes -Wold-style-definition -Werror=format-security -ffast-math  -O3 -I/Users/Mike/Code/wgrib2/include -I/Users/Mike/Code/wgrib2/g2clib-1.4.0 -DGFORTRAN -fopenmp -I/usr/include  -L/Users/Mike/Code/wgrib2/lib conftest.c  >&5
conftest.c: In function 'main':
conftest.c:13:1: warning: old-style function definition [-Wold-style-definition]
 main ()
 ^
configure:3293: $? = 0
configure:3342: result: yes
configure:3345: checking for C compiler default output file name
configure:3347: result: a.out
configure:3353: checking for suffix of executables
configure:3360: gcc -o conftest  -Wall -Wmissing-prototypes -Wold-style-definition -Werror=format-security -ffast-math  -O3 -I/Users/Mike/Code/wgrib2/include -I/Users/Mike/Code/wgrib2/g2clib-1.4.0 -DGFORTRAN -fopenmp -I/usr/include  -L/Users/Mike/Code/wgrib2/lib conftest.c  >&5
conftest.c: In function 'main':
conftest.c:13:1: warning: old-style function definition [-Wold-style-definition]
 main ()
 ^
configure:3364: $? = 0
configure:3386: result: 
configure:3408: checking whether we are cross compiling
configure:3416: gcc -o conftest  -Wall -Wmissing-prototypes -Wold-style-definition -Werror=format-security -ffast-math  -O3 -I/Users/Mike/Code/wgrib2/include -I/Users/Mike/Code/wgrib2/g2clib-1.4.0 -DGFORTRAN -fopenmp -I/usr/include  -L/Users/Mike/Code/wgrib2/lib conftest.c  >&5
conftest.c: In function 'main':
conftest.c:13:1: warning: old-style function definition [-Wold-style-definition]
 main ()
 ^
configure:3420: $? = 0
configure:3427: ./conftest
configure:3431: $? = 0
configure:3446: result: no
configure:3451: checking for suffix of object files
configure:3473: gcc -c  -Wall -Wmissing-prototypes -Wold-style-definition -Werror=format-security -ffast-math  -O3 -I/Users/Mike/Code/wgrib2/include -I/Users/Mike/Code/wgrib2/g2clib-1.4.0 -DGFORTRAN -fopenmp -I/usr/include  conftest.c >&5
conftest.c: In function 'main':
conftest.c:13:1: warning: old-style function definition [-Wold-style-definition]
 main ()
 ^
configure:3477: $? = 0
configure:3498: result: o
configure:3502: checking whether we are using the GNU C compiler
configure:3521: gcc -c  -Wall -Wmissing-prototypes -Wold-style-definition -Werror=format-security -ffast-math  -O3 -I/Users/Mike/Code/wgrib2/include -I/Users/Mike/Code/wgrib2/g2clib-1.4.0 -DGFORTRAN -fopenmp -I/usr/include  conftest.c >&5
conftest.c: In function 'main':
conftest.c:13:1: warning: old-style function definition [-Wold-style-definition]
 main ()
 ^
configure:3521: $? = 0
configure:3530: result: yes
configure:3539: checking whether gcc accepts -g
configure:3559: gcc -c -g -Wall -Wmissing-prototypes -Wold-style-definition -Werror=format-security -ffast-math  -O3 -I/Users/Mike/Code/wgrib2/include -I/Users/Mike/Code/wgrib2/g2clib-1.4.0 -DGFORTRAN -fopenmp -I/usr/include  conftest.c >&5
conftest.c: In function 'main':
conftest.c:13:1: warning: old-style function definition [-Wold-style-definition]
 main ()
 ^
configure:3559: $? = 0
configure: failed program was:
| /* confdefs.h */
| #define PACKAGE_NAME "libpng"
| #define PACKAGE_TARNAME "libpng"
| #define PACKAGE_VERSION "1.2.50"
| #define PACKAGE_STRING "libpng 1.2.50"
| #define PACKAGE_BUGREPORT "png-mng-implement@lists.sourceforge.net"
| #define PACKAGE_URL ""
| #define PACKAGE "libpng"
| #define VERSION "1.2.50"
| /* end confdefs.h.  */
| 
| int
| main ()
| {
| 
|   ;
|   return 0;
| }
configure:3574: gcc -c  -Wall -Wmissing-prototypes -Wold-style-definition -Werror=format-security -ffast-math  -O3 -I/Users/Mike/Code/wgrib2/include -I/Users/Mike/Code/wgrib2/g2clib-1.4.0 -DGFORTRAN -fopenmp -I/usr/include  conftest.c >&5
conftest.c: In function 'main':
conftest.c:13:1: warning: old-style function definition [-Wold-style-definition]
 main ()
 ^
configure:3574: $? = 0
configure: failed program was:
| /* confdefs.h */
| #define PACKAGE_NAME "libpng"
| #define PACKAGE_TARNAME "libpng"
| #define PACKAGE_VERSION "1.2.50"
| #define PACKAGE_STRING "libpng 1.2.50"
| #define PACKAGE_BUGREPORT "png-mng-implement@lists.sourceforge.net"
| #define PACKAGE_URL ""
| #define PACKAGE "libpng"
| #define VERSION "1.2.50"
| /* end confdefs.h.  */
| 
| int
| main ()
| {
| 
|   ;
|   return 0;
| }
configure:3590: gcc -c -g -Wall -Wmissing-prototypes -Wold-style-definition -Werror=format-security -ffast-math  -O3 -I/Users/Mike/Code/wgrib2/include -I/Users/Mike/Code/wgrib2/g2clib-1.4.0 -DGFORTRAN -fopenmp -I/usr/include  conftest.c >&5
conftest.c: In function 'main':
conftest.c:13:1: warning: old-style function definition [-Wold-style-definition]
 main ()
 ^
configure:3590: $? = 0
configure:3600: result: yes
configure:3617: checking for gcc option to accept ISO C89
configure:3681: gcc  -c -g -O2 -Wall -Wmissing-prototypes -Wold-style-definition -Werror=format-security -ffast-math  -O3 -I/Users/Mike/Code/wgrib2/include -I/Users/Mike/Code/wgrib2/g2clib-1.4.0 -DGFORTRAN -fopenmp -I/usr/include  conftest.c >&5
conftest.c: In function 'e':
conftest.c:18:14: warning: old-style function definition [-Wold-style-definition]
 static char *e (p, i)
              ^
conftest.c: In function 'main':
conftest.c:55:1: warning: old-style function definition [-Wold-style-definition]
 main ()
 ^
configure:3681: $? = 0
configure:3694: result: none needed
configure:3725: checking for style of include used by make
configure:3753: result: GNU
configure:3778: checking dependency style of gcc
configure:3888: result: gcc3
configure:3907: checking build system type
configure:3921: result: i386-apple-darwin15.0.0
configure:3941: checking host system type
configure:3954: result: i386-apple-darwin15.0.0
configure:3974: checking for a sed that does not truncate output
configure:4038: result: /usr/bin/sed
configure:4056: checking for grep that handles long lines and -e
configure:4114: result: /usr/bin/grep
configure:4119: checking for egrep
configure:4181: result: /usr/bin/grep -E
configure:4186: checking for fgrep
configure:4248: result: /usr/bin/grep -F
configure:4283: checking for ld used by gcc
configure:4350: result: /usr/bin/ld
configure:4357: checking if the linker (/usr/bin/ld) is GNU ld
configure:4372: result: no
configure:4389: checking how to run the C preprocessor
configure:4420: gcc -E -Wall -Wmissing-prototypes -Wold-style-definition -Werror=format-security -ffast-math  -O3 -I/Users/Mike/Code/wgrib2/include -I/Users/Mike/Code/wgrib2/g2clib-1.4.0 -DGFORTRAN -fopenmp -I/usr/include  conftest.c
configure:4420: $? = 0
configure:4434: gcc -E -Wall -Wmissing-prototypes -Wold-style-definition -Werror=format-security -ffast-math  -O3 -I/Users/Mike/Code/wgrib2/include -I/Users/Mike/Code/wgrib2/g2clib-1.4.0 -DGFORTRAN -fopenmp -I/usr/include  conftest.c
conftest.c:11:28: fatal error: ac_nonexistent.h: No such file or directory
compilation terminated.
configure:4434: $? = 1
configure: failed program was:
| /* confdefs.h */
| #define PACKAGE_NAME "libpng"
| #define PACKAGE_TARNAME "libpng"
| #define PACKAGE_VERSION "1.2.50"
| #define PACKAGE_STRING "libpng 1.2.50"
| #define PACKAGE_BUGREPORT "png-mng-implement@lists.sourceforge.net"
| #define PACKAGE_URL ""
| #define PACKAGE "libpng"
| #define VERSION "1.2.50"
| /* end confdefs.h.  */
| #include <ac_nonexistent.h>
configure:4459: result: gcc -E
configure:4479: gcc -E -Wall -Wmissing-prototypes -Wold-style-definition -Werror=format-security -ffast-math  -O3 -I/Users/Mike/Code/wgrib2/include -I/Users/Mike/Code/wgrib2/g2clib-1.4.0 -DGFORTRAN -fopenmp -I/usr/include  conftest.c
configure:4479: $? = 0
configure:4493: gcc -E -Wall -Wmissing-prototypes -Wold-style-definition -Werror=format-security -ffast-math  -O3 -I/Users/Mike/Code/wgrib2/include -I/Users/Mike/Code/wgrib2/g2clib-1.4.0 -DGFORTRAN -fopenmp -I/usr/include  conftest.c
conftest.c:11:28: fatal error: ac_nonexistent.h: No such file or directory
compilation terminated.
configure:4493: $? = 1
configure: failed program was:
| /* confdefs.h */
| #define PACKAGE_NAME "libpng"
| #define PACKAGE_TARNAME "libpng"
| #define PACKAGE_VERSION "1.2.50"
| #define PACKAGE_STRING "libpng 1.2.50"
| #define PACKAGE_BUGREPORT "png-mng-implement@lists.sourceforge.net"
| #define PACKAGE_URL ""
| #define PACKAGE "libpng"
| #define VERSION "1.2.50"
| /* end confdefs.h.  */
| #include <ac_nonexistent.h>
configure:4564: checking for sed
configure:4591: result: /usr/bin/sed
configure:4917: checking whether ln -s works
configure:4921: result: yes
configure:4928: checking whether make sets $(MAKE)
configure:4950: result: yes
configure:4984: checking for BSD- or MS-compatible name lister (nm)
configure:5033: result: /usr/bin/nm
configure:5151: checking the name lister (/usr/bin/nm) interface
configure:5158: gcc -c -g -O2 -Wall -Wmissing-prototypes -Wold-style-definition -Werror=format-security -ffast-math  -O3 -I/Users/Mike/Code/wgrib2/include -I/Users/Mike/Code/wgrib2/g2clib-1.4.0 -DGFORTRAN -fopenmp -I/usr/include  conftest.c >&5
configure:5161: /usr/bin/nm "conftest.o"
configure:5164: output
00000000000001b0 S _some_variable
configure:5171: result: BSD nm
configure:5175: checking the maximum length of command line arguments
configure:5295: result: 196608
configure:5312: checking whether the shell understands some XSI constructs
configure:5322: result: yes
configure:5326: checking whether the shell understands "+="
configure:5332: result: yes
configure:5367: checking for /usr/bin/ld option to reload object files
configure:5374: result: -r
configure:5443: checking for objdump
configure:5470: result: objdump
configure:5499: checking how to recognize dependent libraries
configure:5695: result: pass_all
configure:5755: checking for ar
configure:5771: found /usr/bin/ar
configure:5782: result: ar
configure:5860: checking for strip
configure:5876: found /usr/bin/strip
configure:5887: result: strip
configure:5959: checking for ranlib
configure:5975: found /usr/bin/ranlib
configure:5986: result: ranlib
configure:6076: checking command to parse /usr/bin/nm output from gcc object
configure:6194: gcc -c -g -O2 -Wall -Wmissing-prototypes -Wold-style-definition -Werror=format-security -ffast-math  -O3 -I/Users/Mike/Code/wgrib2/include -I/Users/Mike/Code/wgrib2/g2clib-1.4.0 -DGFORTRAN -fopenmp -I/usr/include  conftest.c >&5
conftest.c: In function 'main':
conftest.c:10:5: warning: old-style function definition [-Wold-style-definition]
 int main(){nm_test_var='a';nm_test_func();return(0);}
     ^
configure:6197: $? = 0
configure:6201: /usr/bin/nm conftest.o \| sed -n -e 's/^.*[	 ]\([BCDEGRST][BCDEGRST]*\)[	 ][	 ]*\([_A-Za-z][_A-Za-z0-9]*\)$/\1 \2 \2/p' \> conftest.nm
configure:6204: $? = 0
cannot find nm_test_var in conftest.nm
configure:6194: gcc -c -g -O2 -Wall -Wmissing-prototypes -Wold-style-definition -Werror=format-security -ffast-math  -O3 -I/Users/Mike/Code/wgrib2/include -I/Users/Mike/Code/wgrib2/g2clib-1.4.0 -DGFORTRAN -fopenmp -I/usr/include  conftest.c >&5
conftest.c: In function 'main':
conftest.c:10:5: warning: old-style function definition [-Wold-style-definition]
 int main(){nm_test_var='a';nm_test_func();return(0);}
     ^
configure:6197: $? = 0
configure:6201: /usr/bin/nm conftest.o \| sed -n -e 's/^.*[	 ]\([BCDEGRST][BCDEGRST]*\)[	 ][	 ]*_\([_A-Za-z][_A-Za-z0-9]*\)$/\1 _\2 \2/p' \> conftest.nm
configure:6204: $? = 0
configure:6258: gcc -o conftest -g -O2 -Wall -Wmissing-prototypes -Wold-style-definition -Werror=format-security -ffast-math  -O3 -I/Users/Mike/Code/wgrib2/include -I/Users/Mike/Code/wgrib2/g2clib-1.4.0 -DGFORTRAN -fopenmp -I/usr/include  -L/Users/Mike/Code/wgrib2/lib conftest.c conftstm.o >&5
warning: (x86_64)  could not find object file symbol for symbol _main
configure:6261: $? = 0
configure:6299: result: ok
configure:6564: checking for dsymutil
configure:6580: found /usr/bin/dsymutil
configure:6591: result: dsymutil
configure:6656: checking for nmedit
configure:6672: found /usr/bin/nmedit
configure:6683: result: nmedit
configure:6748: checking for lipo
configure:6764: found /usr/bin/lipo
configure:6775: result: lipo
configure:6840: checking for otool
configure:6856: found /usr/bin/otool
configure:6867: result: otool
configure:6932: checking for otool64
configure:6962: result: no
configure:7007: checking for -single_module linker flag
gcc -g -O2 -L/Users/Mike/Code/wgrib2/lib -o libconftest.dylib -dynamiclib -Wl,-single_module conftest.c
configure:7034: result: yes
configure:7036: checking for -exported_symbols_list linker flag
configure:7056: gcc -o conftest -g -O2 -Wall -Wmissing-prototypes -Wold-style-definition -Werror=format-security -ffast-math  -O3 -I/Users/Mike/Code/wgrib2/include -I/Users/Mike/Code/wgrib2/g2clib-1.4.0 -DGFORTRAN -fopenmp -I/usr/include  -L/Users/Mike/Code/wgrib2/lib -Wl,-exported_symbols_list,conftest.sym conftest.c  >&5
conftest.c: In function 'main':
conftest.c:13:1: warning: old-style function definition [-Wold-style-definition]
 main ()
 ^
configure:7056: $? = 0
configure:7066: result: yes
configure:7104: checking for ANSI C header files
configure:7124: gcc -c -g -O2 -Wall -Wmissing-prototypes -Wold-style-definition -Werror=format-security -ffast-math  -O3 -I/Users/Mike/Code/wgrib2/include -I/Users/Mike/Code/wgrib2/g2clib-1.4.0 -DGFORTRAN -fopenmp -I/usr/include  conftest.c >&5
conftest.c: In function 'main':
conftest.c:17:1: warning: old-style function definition [-Wold-style-definition]
 main ()
 ^
configure:7124: $? = 0
configure:7197: gcc -o conftest -g -O2 -Wall -Wmissing-prototypes -Wold-style-definition -Werror=format-security -ffast-math  -O3 -I/Users/Mike/Code/wgrib2/include -I/Users/Mike/Code/wgrib2/g2clib-1.4.0 -DGFORTRAN -fopenmp -I/usr/include  -L/Users/Mike/Code/wgrib2/lib conftest.c  >&5
conftest.c: In function 'main':
conftest.c:23:1: warning: old-style function definition [-Wold-style-definition]
 main ()
 ^
configure:7197: $? = 0
configure:7197: ./conftest
configure:7197: $? = 0
configure:7208: result: yes
configure:7221: checking for sys/types.h
configure:7221: gcc -c -g -O2 -Wall -Wmissing-prototypes -Wold-style-definition -Werror=format-security -ffast-math  -O3 -I/Users/Mike/Code/wgrib2/include -I/Users/Mike/Code/wgrib2/g2clib-1.4.0 -DGFORTRAN -fopenmp -I/usr/include  conftest.c >&5
configure:7221: $? = 0
configure:7221: result: yes
configure:7221: checking for sys/stat.h
configure:7221: gcc -c -g -O2 -Wall -Wmissing-prototypes -Wold-style-definition -Werror=format-security -ffast-math  -O3 -I/Users/Mike/Code/wgrib2/include -I/Users/Mike/Code/wgrib2/g2clib-1.4.0 -DGFORTRAN -fopenmp -I/usr/include  conftest.c >&5
configure:7221: $? = 0
configure:7221: result: yes
configure:7221: checking for stdlib.h
configure:7221: gcc -c -g -O2 -Wall -Wmissing-prototypes -Wold-style-definition -Werror=format-security -ffast-math  -O3 -I/Users/Mike/Code/wgrib2/include -I/Users/Mike/Code/wgrib2/g2clib-1.4.0 -DGFORTRAN -fopenmp -I/usr/include  conftest.c >&5
configure:7221: $? = 0
configure:7221: result: yes
configure:7221: checking for string.h
configure:7221: gcc -c -g -O2 -Wall -Wmissing-prototypes -Wold-style-definition -Werror=format-security -ffast-math  -O3 -I/Users/Mike/Code/wgrib2/include -I/Users/Mike/Code/wgrib2/g2clib-1.4.0 -DGFORTRAN -fopenmp -I/usr/include  conftest.c >&5
configure:7221: $? = 0
configure:7221: result: yes
configure:7221: checking for memory.h
configure:7221: gcc -c -g -O2 -Wall -Wmissing-prototypes -Wold-style-definition -Werror=format-security -ffast-math  -O3 -I/Users/Mike/Code/wgrib2/include -I/Users/Mike/Code/wgrib2/g2clib-1.4.0 -DGFORTRAN -fopenmp -I/usr/include  conftest.c >&5
configure:7221: $? = 0
configure:7221: result: yes
configure:7221: checking for strings.h
configure:7221: gcc -c -g -O2 -Wall -Wmissing-prototypes -Wold-style-definition -Werror=format-security -ffast-math  -O3 -I/Users/Mike/Code/wgrib2/include -I/Users/Mike/Code/wgrib2/g2clib-1.4.0 -DGFORTRAN -fopenmp -I/usr/include  conftest.c >&5
configure:7221: $? = 0
configure:7221: result: yes
configure:7221: checking for inttypes.h
configure:7221: gcc -c -g -O2 -Wall -Wmissing-prototypes -Wold-style-definition -Werror=format-security -ffast-math  -O3 -I/Users/Mike/Code/wgrib2/include -I/Users/Mike/Code/wgrib2/g2clib-1.4.0 -DGFORTRAN -fopenmp -I/usr/include  conftest.c >&5
configure:7221: $? = 0
configure:7221: result: yes
configure:7221: checking for stdint.h
configure:7221: gcc -c -g -O2 -Wall -Wmissing-prototypes -Wold-style-definition -Werror=format-security -ffast-math  -O3 -I/Users/Mike/Code/wgrib2/include -I/Users/Mike/Code/wgrib2/g2clib-1.4.0 -DGFORTRAN -fopenmp -I/usr/include  conftest.c >&5
configure:7221: $? = 0
configure:7221: result: yes
configure:7221: checking for unistd.h
configure:7221: gcc -c -g -O2 -Wall -Wmissing-prototypes -Wold-style-definition -Werror=format-security -ffast-math  -O3 -I/Users/Mike/Code/wgrib2/include -I/Users/Mike/Code/wgrib2/g2clib-1.4.0 -DGFORTRAN -fopenmp -I/usr/include  conftest.c >&5
configure:7221: $? = 0
configure:7221: result: yes
configure:7236: checking for dlfcn.h
configure:7236: gcc -c -g -O2 -Wall -Wmissing-prototypes -Wold-style-definition -Werror=format-security -ffast-math  -O3 -I/Users/Mike/Code/wgrib2/include -I/Users/Mike/Code/wgrib2/g2clib-1.4.0 -DGFORTRAN -fopenmp -I/usr/include  conftest.c >&5
configure:7236: $? = 0
configure:7236: result: yes
configure:7418: checking for objdir
configure:7433: result: .libs
configure:7725: checking if gcc supports -fno-rtti -fno-exceptions
configure:7743: gcc -c -g -O2 -Wall -Wmissing-prototypes -Wold-style-definition -Werror=format-security -ffast-math  -O3 -I/Users/Mike/Code/wgrib2/include -I/Users/Mike/Code/wgrib2/g2clib-1.4.0 -DGFORTRAN -fopenmp -I/usr/include  -fno-rtti -fno-exceptions conftest.c >&5
cc1: warning: command line option '-fno-rtti' is valid for C++/ObjC++ but not for C
configure:7747: $? = 0
configure:7760: result: no
configure:7780: checking for gcc option to produce PIC
configure:8052: result: -fno-common -DPIC
configure:8064: checking if gcc PIC flag -fno-common -DPIC works
configure:8082: gcc -c -g -O2 -Wall -Wmissing-prototypes -Wold-style-definition -Werror=format-security -ffast-math  -O3 -I/Users/Mike/Code/wgrib2/include -I/Users/Mike/Code/wgrib2/g2clib-1.4.0 -DGFORTRAN -fopenmp -I/usr/include  -fno-common -DPIC -DPIC conftest.c >&5
configure:8086: $? = 0
configure:8099: result: yes
configure:8123: checking if gcc static flag -static works
configure:8151: result: no
configure:8166: checking if gcc supports -c -o file.o
configure:8187: gcc -c -g -O2 -Wall -Wmissing-prototypes -Wold-style-definition -Werror=format-security -ffast-math  -O3 -I/Users/Mike/Code/wgrib2/include -I/Users/Mike/Code/wgrib2/g2clib-1.4.0 -DGFORTRAN -fopenmp -I/usr/include  -o out/conftest2.o conftest.c >&5
configure:8191: $? = 0
configure:8213: result: yes
configure:8221: checking if gcc supports -c -o file.o
configure:8268: result: yes
configure:8301: checking whether the gcc linker (/usr/bin/ld) supports shared libraries
configure:9287: result: yes
configure:9526: checking dynamic linker characteristics
configure:10177: result: darwin15.0.0 dyld
configure:10279: checking how to hardcode library paths into programs
configure:10304: result: immediate
configure:10824: checking whether stripping libraries is possible
configure:10838: result: yes
configure:10864: checking if libtool supports shared libraries
configure:10866: result: yes
configure:10869: checking whether to build shared libraries
configure:10890: result: no
configure:10893: checking whether to build static libraries
configure:10897: result: yes
configure:10934: checking for ANSI C header files
configure:11038: result: yes
configure:11049: checking malloc.h usability
configure:11049: gcc -c -g -O2 -Wall -Wmissing-prototypes -Wold-style-definition -Werror=format-security -ffast-math  -O3 -I/Users/Mike/Code/wgrib2/include -I/Users/Mike/Code/wgrib2/g2clib-1.4.0 -DGFORTRAN -fopenmp -I/usr/include  conftest.c >&5
conftest.c:57:20: fatal error: malloc.h: No such file or directory
compilation terminated.
configure:11049: $? = 1
configure: failed program was:
| /* confdefs.h */
| #define PACKAGE_NAME "libpng"
| #define PACKAGE_TARNAME "libpng"
| #define PACKAGE_VERSION "1.2.50"
| #define PACKAGE_STRING "libpng 1.2.50"
| #define PACKAGE_BUGREPORT "png-mng-implement@lists.sourceforge.net"
| #define PACKAGE_URL ""
| #define PACKAGE "libpng"
| #define VERSION "1.2.50"
| #define STDC_HEADERS 1
| #define HAVE_SYS_TYPES_H 1
| #define HAVE_SYS_STAT_H 1
| #define HAVE_STDLIB_H 1
| #define HAVE_STRING_H 1
| #define HAVE_MEMORY_H 1
| #define HAVE_STRINGS_H 1
| #define HAVE_INTTYPES_H 1
| #define HAVE_STDINT_H 1
| #define HAVE_UNISTD_H 1
| #define HAVE_DLFCN_H 1
| #define LT_OBJDIR ".libs/"
| #define STDC_HEADERS 1
| /* end confdefs.h.  */
| #include <stdio.h>
| #ifdef HAVE_SYS_TYPES_H
| # include <sys/types.h>
| #endif
| #ifdef HAVE_SYS_STAT_H
| # include <sys/stat.h>
| #endif
| #ifdef STDC_HEADERS
| # include <stdlib.h>
| # include <stddef.h>
| #else
| # ifdef HAVE_STDLIB_H
| #  include <stdlib.h>
| # endif
| #endif
| #ifdef HAVE_STRING_H
| # if !defined STDC_HEADERS && defined HAVE_MEMORY_H
| #  include <memory.h>
| # endif
| # include <string.h>
| #endif
| #ifdef HAVE_STRINGS_H
| # include <strings.h>
| #endif
| #ifdef HAVE_INTTYPES_H
| # include <inttypes.h>
| #endif
| #ifdef HAVE_STDINT_H
| # include <stdint.h>
| #endif
| #ifdef HAVE_UNISTD_H
| # include <unistd.h>
| #endif
| #include <malloc.h>
configure:11049: result: no
configure:11049: checking malloc.h presence
configure:11049: gcc -E -Wall -Wmissing-prototypes -Wold-style-definition -Werror=format-security -ffast-math  -O3 -I/Users/Mike/Code/wgrib2/include -I/Users/Mike/Code/wgrib2/g2clib-1.4.0 -DGFORTRAN -fopenmp -I/usr/include  conftest.c
conftest.c:24:20: fatal error: malloc.h: No such file or directory
compilation terminated.
configure:11049: $? = 1
configure: failed program was:
| /* confdefs.h */
| #define PACKAGE_NAME "libpng"
| #define PACKAGE_TARNAME "libpng"
| #define PACKAGE_VERSION "1.2.50"
| #define PACKAGE_STRING "libpng 1.2.50"
| #define PACKAGE_BUGREPORT "png-mng-implement@lists.sourceforge.net"
| #define PACKAGE_URL ""
| #define PACKAGE "libpng"
| #define VERSION "1.2.50"
| #define STDC_HEADERS 1
| #define HAVE_SYS_TYPES_H 1
| #define HAVE_SYS_STAT_H 1
| #define HAVE_STDLIB_H 1
| #define HAVE_STRING_H 1
| #define HAVE_MEMORY_H 1
| #define HAVE_STRINGS_H 1
| #define HAVE_INTTYPES_H 1
| #define HAVE_STDINT_H 1
| #define HAVE_UNISTD_H 1
| #define HAVE_DLFCN_H 1
| #define LT_OBJDIR ".libs/"
| #define STDC_HEADERS 1
| /* end confdefs.h.  */
| #include <malloc.h>
configure:11049: result: no
configure:11049: checking for malloc.h
configure:11049: result: no
configure:11049: checking for stdlib.h
configure:11049: result: yes
configure:11049: checking for string.h
configure:11049: result: yes
configure:11049: checking for strings.h
configure:11049: result: yes
configure:11062: checking for an ANSI C-conforming const
configure:11127: gcc -c -g -O2 -Wall -Wmissing-prototypes -Wold-style-definition -Werror=format-security -ffast-math  -O3 -I/Users/Mike/Code/wgrib2/include -I/Users/Mike/Code/wgrib2/g2clib-1.4.0 -DGFORTRAN -fopenmp -I/usr/include  conftest.c >&5
conftest.c: In function 'main':
conftest.c:29:1: warning: old-style function definition [-Wold-style-definition]
 main ()
 ^
conftest.c:56:7: warning: 't' is used uninitialized in this function [-Wuninitialized]
     *t++ = 0;
       ^
conftest.c:78:13: warning: 'cs[0]' is used uninitialized in this function [-Wuninitialized]
   return !cs[0] && !zero.x;
             ^
configure:11127: $? = 0
configure:11134: result: yes
configure:11142: checking for size_t
configure:11142: gcc -c -g -O2 -Wall -Wmissing-prototypes -Wold-style-definition -Werror=format-security -ffast-math  -O3 -I/Users/Mike/Code/wgrib2/include -I/Users/Mike/Code/wgrib2/g2clib-1.4.0 -DGFORTRAN -fopenmp -I/usr/include  conftest.c >&5
conftest.c: In function 'main':
conftest.c:61:1: warning: old-style function definition [-Wold-style-definition]
 main ()
 ^
configure:11142: $? = 0
configure:11142: gcc -c -g -O2 -Wall -Wmissing-prototypes -Wold-style-definition -Werror=format-security -ffast-math  -O3 -I/Users/Mike/Code/wgrib2/include -I/Users/Mike/Code/wgrib2/g2clib-1.4.0 -DGFORTRAN -fopenmp -I/usr/include  conftest.c >&5
conftest.c: In function 'main':
conftest.c:61:1: warning: old-style function definition [-Wold-style-definition]
 main ()
 ^
conftest.c:63:21: error: expected expression before ')' token
 if (sizeof ((size_t)))
                     ^
configure:11142: $? = 1
configure: failed program was:
| /* confdefs.h */
| #define PACKAGE_NAME "libpng"
| #define PACKAGE_TARNAME "libpng"
| #define PACKAGE_VERSION "1.2.50"
| #define PACKAGE_STRING "libpng 1.2.50"
| #define PACKAGE_BUGREPORT "png-mng-implement@lists.sourceforge.net"
| #define PACKAGE_URL ""
| #define PACKAGE "libpng"
| #define VERSION "1.2.50"
| #define STDC_HEADERS 1
| #define HAVE_SYS_TYPES_H 1
| #define HAVE_SYS_STAT_H 1
| #define HAVE_STDLIB_H 1
| #define HAVE_STRING_H 1
| #define HAVE_MEMORY_H 1
| #define HAVE_STRINGS_H 1
| #define HAVE_INTTYPES_H 1
| #define HAVE_STDINT_H 1
| #define HAVE_UNISTD_H 1
| #define HAVE_DLFCN_H 1
| #define LT_OBJDIR ".libs/"
| #define STDC_HEADERS 1
| #define HAVE_STDLIB_H 1
| #define HAVE_STRING_H 1
| #define HAVE_STRINGS_H 1
| /* end confdefs.h.  */
| #include <stdio.h>
| #ifdef HAVE_SYS_TYPES_H
| # include <sys/types.h>
| #endif
| #ifdef HAVE_SYS_STAT_H
| # include <sys/stat.h>
| #endif
| #ifdef STDC_HEADERS
| # include <stdlib.h>
| # include <stddef.h>
| #else
| # ifdef HAVE_STDLIB_H
| #  include <stdlib.h>
| # endif
| #endif
| #ifdef HAVE_STRING_H
| # if !defined STDC_HEADERS && defined HAVE_MEMORY_H
| #  include <memory.h>
| # endif
| # include <string.h>
| #endif
| #ifdef HAVE_STRINGS_H
| # include <strings.h>
| #endif
| #ifdef HAVE_INTTYPES_H
| # include <inttypes.h>
| #endif
| #ifdef HAVE_STDINT_H
| # include <stdint.h>
| #endif
| #ifdef HAVE_UNISTD_H
| # include <unistd.h>
| #endif
| int
| main ()
| {
| if (sizeof ((size_t)))
| 	    return 0;
|   ;
|   return 0;
| }
configure:11142: result: yes
configure:11153: checking whether struct tm is in sys/time.h or time.h
configure:11173: gcc -c -g -O2 -Wall -Wmissing-prototypes -Wold-style-definition -Werror=format-security -ffast-math  -O3 -I/Users/Mike/Code/wgrib2/include -I/Users/Mike/Code/wgrib2/g2clib-1.4.0 -DGFORTRAN -fopenmp -I/usr/include  conftest.c >&5
conftest.c: In function 'main':
conftest.c:31:1: warning: old-style function definition [-Wold-style-definition]
 main ()
 ^
configure:11173: $? = 0
configure:11180: result: time.h
configure:11190: checking for working strtod
configure:11231: gcc -o conftest -g -O2 -Wall -Wmissing-prototypes -Wold-style-definition -Werror=format-security -ffast-math  -O3 -I/Users/Mike/Code/wgrib2/include -I/Users/Mike/Code/wgrib2/g2clib-1.4.0 -DGFORTRAN -fopenmp -I/usr/include  -L/Users/Mike/Code/wgrib2/lib conftest.c  >&5
conftest.c: In function 'main':
conftest.c:65:1: warning: old-style function definition [-Wold-style-definition]
 main()
 ^
configure:11231: $? = 0
configure:11231: ./conftest
configure:11231: $? = 0
configure:11241: result: yes
configure:11305: checking for memset
configure:11305: gcc -o conftest -g -O2 -Wall -Wmissing-prototypes -Wold-style-definition -Werror=format-security -ffast-math  -O3 -I/Users/Mike/Code/wgrib2/include -I/Users/Mike/Code/wgrib2/g2clib-1.4.0 -DGFORTRAN -fopenmp -I/usr/include  -L/Users/Mike/Code/wgrib2/lib conftest.c  >&5
conftest.c:50:6: warning: conflicting types for built-in function 'memset'
 char memset ();
      ^
conftest.c: In function 'main':
conftest.c:59:1: warning: old-style function definition [-Wold-style-definition]
 main ()
 ^
configure:11305: $? = 0
configure:11305: result: yes
configure:11318: checking for pow
configure:11318: gcc -o conftest -g -O2 -Wall -Wmissing-prototypes -Wold-style-definition -Werror=format-security -ffast-math  -O3 -I/Users/Mike/Code/wgrib2/include -I/Users/Mike/Code/wgrib2/g2clib-1.4.0 -DGFORTRAN -fopenmp -I/usr/include  -L/Users/Mike/Code/wgrib2/lib conftest.c  >&5
conftest.c:51:6: warning: conflicting types for built-in function 'pow'
 char pow ();
      ^
conftest.c: In function 'main':
conftest.c:60:1: warning: old-style function definition [-Wold-style-definition]
 main ()
 ^
configure:11318: $? = 0
configure:11318: result: yes
configure:11375: checking for zlibVersion in -lz
configure:11400: gcc -o conftest -g -O2 -Wall -Wmissing-prototypes -Wold-style-definition -Werror=format-security -ffast-math  -O3 -I/Users/Mike/Code/wgrib2/include -I/Users/Mike/Code/wgrib2/g2clib-1.4.0 -DGFORTRAN -fopenmp -I/usr/include  -L/Users/Mike/Code/wgrib2/lib conftest.c -lz   >&5
conftest.c: In function 'main':
conftest.c:38:1: warning: old-style function definition [-Wold-style-definition]
 main ()
 ^
configure:11400: $? = 0
configure:11409: result: yes
configure:11429: checking if assembler code in pnggccrd.c can be compiled without PNG_NO_MMX_CODE
configure:11442: gcc -c -g -O2 -Wall -Wmissing-prototypes -Wold-style-definition -Werror=format-security -ffast-math  -O3 -I/Users/Mike/Code/wgrib2/include -I/Users/Mike/Code/wgrib2/g2clib-1.4.0 -DGFORTRAN -fopenmp -I/usr/include  conftest.c >&5
conftest.c: In function 'main':
conftest.c:32:1: warning: old-style function definition [-Wold-style-definition]
 main ()
 ^
configure:11442: $? = 0
configure:11443: result: yes
configure:11456: checking if libraries can be versioned
configure:11465: result: no
configure:11467: WARNING: *** You have not enabled versioned symbols.
configure:11509: pkgconfig directory is ${libdir}/pkgconfig
configure:11679: creating ./config.status

## ---------------------- ##
## Running config.status. ##
## ---------------------- ##

This file was extended by libpng config.status 1.2.50, which was
generated by GNU Autoconf 2.65.  Invocation command line was

  CONFIG_FILES    = 
  CONFIG_HEADERS  = 
  CONFIG_LINKS    = 
  CONFIG_COMMANDS = 
  $ ./config.status 

on Michaels-MBP.home

config.status:1089: creating Makefile
config.status:1089: creating libpng.pc
config.status:1089: creating libpng-config
config.status:1089: creating config.h
config.status:1309: executing depfiles commands
config.status:1309: executing libtool commands

## ---------------- ##
## Cache variables. ##
## ---------------- ##

ac_cv_build=i386-apple-darwin15.0.0
ac_cv_c_compiler_gnu=yes
ac_cv_c_const=yes
ac_cv_env_CC_set=set
ac_cv_env_CC_value=gcc
ac_cv_env_CFLAGS_set=
ac_cv_env_CFLAGS_value=
ac_cv_env_CPPFLAGS_set=set
ac_cv_env_CPPFLAGS_value='-Wall -Wmissing-prototypes -Wold-style-definition -Werror=format-security -ffast-math  -O3 -I/Users/Mike/Code/wgrib2/include -I/Users/Mike/Code/wgrib2/g2clib-1.4.0 -DGFORTRAN -fopenmp -I/usr/include '
ac_cv_env_CPP_set=
ac_cv_env_CPP_value=
ac_cv_env_LDFLAGS_set=set
ac_cv_env_LDFLAGS_value=-L/Users/Mike/Code/wgrib2/lib
ac_cv_env_LIBS_set=
ac_cv_env_LIBS_value=
ac_cv_env_build_alias_set=
ac_cv_env_build_alias_value=
ac_cv_env_host_alias_set=
ac_cv_env_host_alias_value=
ac_cv_env_target_alias_set=
ac_cv_env_target_alias_value=
ac_cv_func_memset=yes
ac_cv_func_pow=yes
ac_cv_func_strtod=yes
ac_cv_header_dlfcn_h=yes
ac_cv_header_inttypes_h=yes
ac_cv_header_malloc_h=no
ac_cv_header_memory_h=yes
ac_cv_header_stdc=yes
ac_cv_header_stdint_h=yes
ac_cv_header_stdlib_h=yes
ac_cv_header_string_h=yes
ac_cv_header_strings_h=yes
ac_cv_header_sys_stat_h=yes
ac_cv_header_sys_types_h=yes
ac_cv_header_unistd_h=yes
ac_cv_host=i386-apple-darwin15.0.0
ac_cv_lib_z_zlibVersion=yes
ac_cv_objext=o
ac_cv_path_EGREP='/usr/bin/grep -E'
ac_cv_path_FGREP='/usr/bin/grep -F'
ac_cv_path_GREP=/usr/bin/grep
ac_cv_path_SED=/usr/bin/sed
ac_cv_path_install='/usr/bin/install -c'
ac_cv_prog_AWK=awk
ac_cv_prog_CPP='gcc -E'
ac_cv_prog_ac_ct_AR=ar
ac_cv_prog_ac_ct_CC=gcc
ac_cv_prog_ac_ct_DSYMUTIL=dsymutil
ac_cv_prog_ac_ct_LIPO=lipo
ac_cv_prog_ac_ct_NMEDIT=nmedit
ac_cv_prog_ac_ct_OBJDUMP=objdump
ac_cv_prog_ac_ct_OTOOL=otool
ac_cv_prog_ac_ct_RANLIB=ranlib
ac_cv_prog_ac_ct_SED=/usr/bin/sed
ac_cv_prog_ac_ct_STRIP=strip
ac_cv_prog_cc_c89=
ac_cv_prog_cc_g=yes
ac_cv_prog_make_make_set=yes
ac_cv_struct_tm=time.h
ac_cv_type_size_t=yes
am_cv_CC_dependencies_compiler_type=gcc3
lt_cv_apple_cc_single_mod=yes
lt_cv_deplibs_check_method=pass_all
lt_cv_file_magic_cmd='$MAGIC_CMD'
lt_cv_file_magic_test_file=
lt_cv_ld_exported_symbols_list=yes
lt_cv_ld_reload_flag=-r
lt_cv_nm_interface='BSD nm'
lt_cv_objdir=.libs
lt_cv_path_LD=/usr/bin/ld
lt_cv_path_NM=/usr/bin/nm
lt_cv_prog_compiler_c_o=yes
lt_cv_prog_compiler_pic_works=yes
lt_cv_prog_compiler_rtti_exceptions=no
lt_cv_prog_compiler_static_works=no
lt_cv_prog_gnu_ld=no
lt_cv_sys_global_symbol_pipe='sed -n -e '\''s/^.*[	 ]\([BCDEGRST][BCDEGRST]*\)[	 ][	 ]*_\([_A-Za-z][_A-Za-z0-9]*\)$/\1 _\2 \2/p'\'''
lt_cv_sys_global_symbol_to_c_name_address='sed -n -e '\''s/^: \([^ ]*\) $/  {\"\1\", (void *) 0},/p'\'' -e '\''s/^[BCDEGRST]* \([^ ]*\) \([^ ]*\)$/  {"\2", (void *) \&\2},/p'\'''
lt_cv_sys_global_symbol_to_c_name_address_lib_prefix='sed -n -e '\''s/^: \([^ ]*\) $/  {\"\1\", (void *) 0},/p'\'' -e '\''s/^[BCDEGRST]* \([^ ]*\) \(lib[^ ]*\)$/  {"\2", (void *) \&\2},/p'\'' -e '\''s/^[BCDEGRST]* \([^ ]*\) \([^ ]*\)$/  {"lib\2", (void *) \&\2},/p'\'''
lt_cv_sys_global_symbol_to_cdecl='sed -n -e '\''s/^T .* \(.*\)$/extern int \1();/p'\'' -e '\''s/^[BCDEGRST]* .* \(.*\)$/extern char \1;/p'\'''
lt_cv_sys_max_cmd_len=196608

## ----------------- ##
## Output variables. ##
## ----------------- ##

ACLOCAL='${SHELL} /Users/Mike/Code/wgrib2/libpng-1.2.50/missing --run aclocal-1.11'
AMDEPBACKSLASH='\'
AMDEP_FALSE='#'
AMDEP_TRUE=''
AMTAR='${SHELL} /Users/Mike/Code/wgrib2/libpng-1.2.50/missing --run tar'
AR='ar'
AS='as'
AUTOCONF='${SHELL} /Users/Mike/Code/wgrib2/libpng-1.2.50/missing --run autoconf'
AUTOHEADER='${SHELL} /Users/Mike/Code/wgrib2/libpng-1.2.50/missing --run autoheader'
AUTOMAKE='${SHELL} /Users/Mike/Code/wgrib2/libpng-1.2.50/missing --run automake-1.11'
AWK='awk'
CC='gcc'
CCDEPMODE='depmode=gcc3'
CFLAGS='-g -O2'
CPP='gcc -E'
CPPFLAGS='-Wall -Wmissing-prototypes -Wold-style-definition -Werror=format-security -ffast-math  -O3 -I/Users/Mike/Code/wgrib2/include -I/Users/Mike/Code/wgrib2/g2clib-1.4.0 -DGFORTRAN -fopenmp -I/usr/include '
CYGPATH_W='echo'
DEFS='-DHAVE_CONFIG_H'
DEPDIR='.deps'
DLLTOOL='dlltool'
DSYMUTIL='dsymutil'
DUMPBIN=''
ECHO_C='\c'
ECHO_N=''
ECHO_T=''
EGREP='/usr/bin/grep -E'
EXEEXT=''
FGREP='/usr/bin/grep -F'
GREP='/usr/bin/grep'
HAVE_LD_VERSION_SCRIPT_FALSE=''
HAVE_LD_VERSION_SCRIPT_TRUE='#'
INSTALL_DATA='${INSTALL} -m 644'
INSTALL_PROGRAM='${INSTALL}'
INSTALL_SCRIPT='${INSTALL}'
INSTALL_STRIP_PROGRAM='$(install_sh) -c -s'
LD='/usr/bin/ld'
LDFLAGS='-L/Users/Mike/Code/wgrib2/lib'
LIBOBJS=''
LIBPNG_DEFINES='-DPNG_CONFIGURE_LIBPNG '
LIBPNG_NO_MMX=''
LIBS='-lz '
LIBTOOL='$(SHELL) $(top_builddir)/libtool'
LIPO='lipo'
LN_S='ln -s'
LTLIBOBJS=''
MAINT='#'
MAINTAINER_MODE_FALSE=''
MAINTAINER_MODE_TRUE='#'
MAKEINFO='${SHELL} /Users/Mike/Code/wgrib2/libpng-1.2.50/missing --run makeinfo'
MKDIR_P='./install-sh -c -d'
NM='/usr/bin/nm'
NMEDIT='nmedit'
OBJDUMP='objdump'
OBJEXT='o'
OTOOL64=':'
OTOOL='otool'
PACKAGE='libpng'
PACKAGE_BUGREPORT='png-mng-implement@lists.sourceforge.net'
PACKAGE_NAME='libpng'
PACKAGE_STRING='libpng 1.2.50'
PACKAGE_TARNAME='libpng'
PACKAGE_URL=''
PACKAGE_VERSION='1.2.50'
PATH_SEPARATOR=':'
PNGLIB_MAJOR='1'
PNGLIB_MINOR='2'
PNGLIB_RELEASE='50'
PNGLIB_VERSION='1.2.50'
POW_LIB=''
RANLIB='ranlib'
SED='/usr/bin/sed'
SET_MAKE=''
SHELL='/bin/sh'
STRIP='strip'
SYMBOL_PREFIX=''
VERSION='1.2.50'
ac_ct_CC='gcc'
ac_ct_DUMPBIN=''
am__EXEEXT_FALSE=''
am__EXEEXT_TRUE='#'
am__fastdepCC_FALSE='#'
am__fastdepCC_TRUE=''
am__include='include'
am__isrc=''
am__leading_dot='.'
am__quote=''
am__tar='${AMTAR} chof - "$$tardir"'
am__untar='${AMTAR} xf -'
binconfigs='${binconfigs}'
bindir='${exec_prefix}/bin'
build='i386-apple-darwin15.0.0'
build_alias=''
build_cpu='i386'
build_os='darwin15.0.0'
build_vendor='apple'
compatlib='libpng.la'
datadir='${datarootdir}'
datarootdir='${prefix}/share'
docdir='${datarootdir}/doc/${PACKAGE_TARNAME}'
dvidir='${docdir}'
exec_prefix='${prefix}'
host='i386-apple-darwin15.0.0'
host_alias=''
host_cpu='i386'
host_os='darwin15.0.0'
host_vendor='apple'
htmldir='${docdir}'
includedir='${prefix}/include'
infodir='${datarootdir}/info'
install_sh='${SHELL} /Users/Mike/Code/wgrib2/libpng-1.2.50/install-sh'
libdir='${exec_prefix}/lib'
libexecdir='${exec_prefix}/libexec'
localedir='${datarootdir}/locale'
localstatedir='${prefix}/var'
lt_ECHO='/bin/echo'
mandir='${datarootdir}/man'
mkdir_p='$(top_builddir)/./install-sh -c -d'
oldincludedir='/usr/include'
pdfdir='${docdir}'
pkgconfigdir='${libdir}/pkgconfig'
prefix='/Users/Mike/Code/wgrib2'
program_transform_name='s,x,x,'
psdir='${docdir}'
sbindir='${exec_prefix}/sbin'
sharedstatedir='${prefix}/com'
sysconfdir='${prefix}/etc'
target_alias=''

## ----------- ##
## confdefs.h. ##
## ----------- ##

/* confdefs.h */
#define PACKAGE_NAME "libpng"
#define PACKAGE_TARNAME "libpng"
#define PACKAGE_VERSION "1.2.50"
#define PACKAGE_STRING "libpng 1.2.50"
#define PACKAGE_BUGREPORT "png-mng-implement@lists.sourceforge.net"
#define PACKAGE_URL ""
#define PACKAGE "libpng"
#define VERSION "1.2.50"
#define STDC_HEADERS 1
#define HAVE_SYS_TYPES_H 1
#define HAVE_SYS_STAT_H 1
#define HAVE_STDLIB_H 1
#define HAVE_STRING_H 1
#define HAVE_MEMORY_H 1
#define HAVE_STRINGS_H 1
#define HAVE_INTTYPES_H 1
#define HAVE_STDINT_H 1
#define HAVE_UNISTD_H 1
#define HAVE_DLFCN_H 1
#define LT_OBJDIR ".libs/"
#define STDC_HEADERS 1
#define HAVE_STDLIB_H 1
#define HAVE_STRING_H 1
#define HAVE_STRINGS_H 1
#define HAVE_MEMSET 1
#define HAVE_POW 1
#define HAVE_LIBZ 1

configure: exit 0
